Project Informationc:\documents and settings\seth urbach\my documents\cst232\cst231takehome\elevator.rpt

MAX+plus II Compiler Report File
Version 10.1 06/12/2001
Compiled: 03/16/2003 09:13:21

Copyright (C) 1988-2001 Altera Corporation
Any megafunction design, and related net list (encrypted or decrypted),
support information, device programming or simulation file, and any other
associated documentation or information provided by Altera or a partner
under Altera's Megafunction Partnership Program may be used only to
program PLD devices (but not masked PLD devices) from Altera.  Any other
use of such megafunction design, net list, support information, device
programming or simulation file, or any other related documentation or
information is prohibited for any other purpose, including, but not
limited to modification, reverse engineering, de-compiling, or use with
any other silicon devices, unless such use is explicitly licensed under
a separate agreement with Altera or a megafunction partner.  Title to
the intellectual property, including patents, copyrights, trademarks,
trade secrets, or maskworks, embodied in any such megafunction design,
net list, support information, device programming or simulation file, or
any other related documentation or information provided by Altera or a
megafunction partner, remains with Altera, the megafunction partner, or
their respective licensors.  No other licenses, including any licenses
needed under any third party's intellectual property, are provided herein.



***** Project compilation was successful




** DEVICE SUMMARY **

Chip/                     Input   Output   Bidir         Shareable
POF       Device          Pins    Pins     Pins     LCs  Expanders  % Utilized

elevator  EPM7032LC44-6    8        14       0      14      0           43 %

User Pins:                 8        14       0  



Project Informationc:\documents and settings\seth urbach\my documents\cst232\cst231takehome\elevator.rpt

** AUTO GLOBAL SIGNALS **



INFO: Signal 'clk' chosen for auto global Clock


Device-Specific Information:c:\documents and settings\seth urbach\my documents\cst232\cst231takehome\elevator.rpt
elevator

***** Logic for device 'elevator' compiled without errors.




Device: EPM7032LC44-6

Device Options:
    Turbo Bit                                    = ON
    Security Bit                                 = OFF

                                               
                                               
                                               
                 r  C                    D  D  
                 e  A                    O  O  
              F  s  L  V  G  G  G  c  G  O  O  
              B  e  L  C  N  N  N  l  N  R  R  
              3  t  1  C  D  D  D  k  D  5  4  
            -----------------------------------_ 
          /   6  5  4  3  2  1 44 43 42 41 40   | 
     FB2 |  7                                39 | DOOR3 
     FB1 |  8                                38 | FI4 
   CALL2 |  9                                37 | FI5 
     GND | 10                                36 | FI3 
   CALL3 | 11                                35 | VCC 
RESERVED | 12         EPM7032LC44-6          34 | FI2 
RESERVED | 13                                33 | FI6 
RESERVED | 14                                32 | FI1 
     VCC | 15                                31 | DOOR0 
RESERVED | 16                                30 | GND 
RESERVED | 17                                29 | FI7 
         |_  18 19 20 21 22 23 24 25 26 27 28  _| 
           ------------------------------------ 
              R  R  R  R  G  V  R  R  D  U  D  
              E  E  E  E  N  C  E  E  O  D  O  
              S  S  S  S  D  C  S  S  O     O  
              E  E  E  E        E  E  R     R  
              R  R  R  R        R  R  2     1  
              V  V  V  V        V  V           
              E  E  E  E        E  E           
              D  D  D  D        D  D           


N.C. = No Connect. This pin has no internal connection to the device.
VCC = Dedicated power pin, which MUST be connected to VCC.
GND = Dedicated ground pin or unused dedicated input, which MUST be connected to GND.
RESERVED = Unused I/O pin, which MUST be left unconnected.



Device-Specific Information:c:\documents and settings\seth urbach\my documents\cst232\cst231takehome\elevator.rpt
elevator

** RESOURCE USAGE **

                                                Shareable     External
Logic Array Block     Logic Cells   I/O Pins    Expanders   Interconnect

A:     LC1 - LC16     0/16(  0%)   7/16( 43%)   0/16(  0%)   0/36(  0%) 
B:    LC17 - LC32    14/16( 87%)  14/16( 87%)   0/16(  0%)   7/36( 19%) 


Total dedicated input pins used:                 1/4      ( 25%)
Total I/O pins used:                            21/32     ( 65%)
Total logic cells used:                         14/32     ( 43%)
Total shareable expanders used:                  0/32     (  0%)
Total Turbo logic cells used:                   14/32     ( 43%)
Total shareable expanders not available (n/a):   0/32     (  0%)
Average fan-in:                                  2.00
Total fan-in:                                    28

Total input pins required:                       8
Total output pins required:                     14
Total bidirectional pins required:               0
Total logic cells required:                     14
Total flipflops required:                       14
Total product terms required:                   14
Total logic cells lending parallel expanders:    0
Total shareable expanders in database:           0

Synthesized logic cells:                         0/  32   (  0%)



Device-Specific Information:c:\documents and settings\seth urbach\my documents\cst232\cst231takehome\elevator.rpt
elevator

** INPUTS **

                                         Shareable
                                         Expanders     Fan-In    Fan-Out
 Pin     LC  LAB  Primitive    Code   Total Shared n/a INP  FBK  OUT  FBK  Name
   4    (1)  (A)      INPUT               0      0   0    0    0    2    0  CALL1
   9    (6)  (A)      INPUT               0      0   0    0    0    2    0  CALL2
  11    (7)  (A)      INPUT               0      0   0    0    0    2    0  CALL3
  43      -   -       INPUT  G            0      0   0    0    0    0    0  clk
   8    (5)  (A)      INPUT               0      0   0    0    0    2    0  FB1
   7    (4)  (A)      INPUT               0      0   0    0    0    2    0  FB2
   6    (3)  (A)      INPUT               0      0   0    0    0    2    0  FB3
   5    (2)  (A)      INPUT               0      0   0    0    0    2    0  reset


Code:

s = Synthesized pin or logic cell
t = Turbo logic cell
+ = Synchronous flipflop
! = NOT gate push-back
r = Fitter-inserted logic cell
G = Global Source. Fan-out destinations counted here do not include destinations
that are driven using global routing resources. Refer to the Auto Global Signals,
Clock Signals, Clear Signals, Synchronous Load Signals, and Synchronous Clear Signals
Sections of this Report File for information on which signals' fan-outs are used as
Clock, Clear, Preset, Output Enable, and synchronous Load signals.


Device-Specific Information:c:\documents and settings\seth urbach\my documents\cst232\cst231takehome\elevator.rpt
elevator

** OUTPUTS **

                                         Shareable
                                         Expanders     Fan-In    Fan-Out
 Pin     LC  LAB  Primitive    Code   Total Shared n/a INP  FBK  OUT  FBK  Name
  31     26    B         FF   +  t        0      0   0    1    0    0    0  DOOR0
  28     28    B         FF   +  t        0      0   0    1    0    0    0  DOOR1
  26     30    B         FF   +  t        0      0   0    1    0    0    0  DOOR2
  39     19    B         FF   +  t        0      0   0    1    0    0    0  DOOR3
  40     18    B         FF   +  t        0      0   0    1    0    0    0  DOOR4
  41     17    B         FF   +  t        0      0   0    1    0    0    0  DOOR5
  32     25    B         FF   +  t        0      0   0    1    0    0    0  FI1
  34     23    B         FF   +  t        0      0   0    1    0    0    0  FI2
  36     22    B         FF   +  t        0      0   0    1    0    0    0  FI3
  38     20    B         FF   +  t        0      0   0    1    0    0    0  FI4
  37     21    B         FF   +  t        0      0   0    1    0    0    0  FI5
  33     24    B         FF   +  t        0      0   0    1    0    0    0  FI6
  29     27    B         FF   +  t        0      0   0    1    0    0    0  FI7
  27     29    B         FF   +  t        0      0   0    1    0    0    0  UD


Code:

s = Synthesized pin or logic cell
t = Turbo logic cell
+ = Synchronous flipflop
! = NOT gate push-back
r = Fitter-inserted logic cell


Device-Specific Information:c:\documents and settings\seth urbach\my documents\cst232\cst231takehome\elevator.rpt
elevator

** LOGIC CELL INTERCONNECTIONS **

Logic Array Block 'B':

                                     Logic cells placed in LAB 'B'
        +--------------------------- LC26 DOOR0
        | +------------------------- LC28 DOOR1
        | | +----------------------- LC30 DOOR2
        | | | +--------------------- LC19 DOOR3
        | | | | +------------------- LC18 DOOR4
        | | | | | +----------------- LC17 DOOR5
        | | | | | | +--------------- LC25 FI1
        | | | | | | | +------------- LC23 FI2
        | | | | | | | | +----------- LC22 FI3
        | | | | | | | | | +--------- LC20 FI4
        | | | | | | | | | | +------- LC21 FI5
        | | | | | | | | | | | +----- LC24 FI6
        | | | | | | | | | | | | +--- LC27 FI7
        | | | | | | | | | | | | | +- LC29 UD
        | | | | | | | | | | | | | | 
        | | | | | | | | | | | | | |   Other LABs fed by signals
        | | | | | | | | | | | | | |   that feed LAB 'B'
LC      | | | | | | | | | | | | | | | A B |     Logic cells that feed LAB 'B':

Pin
4    -> - - * - - - - - * - - - - - | - * | <-- CALL1
9    -> - * - - - - - * - - - - - - | - * | <-- CALL2
11   -> * - - - - - * - - - - - - - | - * | <-- CALL3
43   -> - - - - - - - - - - - - - - | - - | <-- clk
8    -> - - - - - * - - - - - * - - | - * | <-- FB1
7    -> - - - - * - - - - - * - - - | - * | <-- FB2
6    -> - - - * - - - - - * - - - - | - * | <-- FB3
5    -> - - - - - - - - - - - - * * | - * | <-- reset


* = The logic cell or pin is an input to the logic cell (or LAB) through the PIA.
- = The logic cell or pin is not an input to the logic cell (or LAB).


Device-Specific Information:c:\documents and settings\seth urbach\my documents\cst232\cst231takehome\elevator.rpt
elevator

** EQUATIONS **

CALL1    : INPUT;
CALL2    : INPUT;
CALL3    : INPUT;
clk      : INPUT;
FB1      : INPUT;
FB2      : INPUT;
FB3      : INPUT;
reset    : INPUT;

-- Node name is 'DOOR0' = ':34' 
-- Equation name is 'DOOR0', type is output 
 DOOR0   = DFFE( CALL3 $  GND, GLOBAL( clk),  VCC,  VCC,  VCC);

-- Node name is 'DOOR1' = ':33' 
-- Equation name is 'DOOR1', type is output 
 DOOR1   = DFFE( CALL2 $  GND, GLOBAL( clk),  VCC,  VCC,  VCC);

-- Node name is 'DOOR2' = ':32' 
-- Equation name is 'DOOR2', type is output 
 DOOR2   = DFFE( CALL1 $  GND, GLOBAL( clk),  VCC,  VCC,  VCC);

-- Node name is 'DOOR3' = ':31' 
-- Equation name is 'DOOR3', type is output 
 DOOR3   = DFFE( FB3 $  GND, GLOBAL( clk),  VCC,  VCC,  VCC);

-- Node name is 'DOOR4' = ':30' 
-- Equation name is 'DOOR4', type is output 
 DOOR4   = DFFE( FB2 $  GND, GLOBAL( clk),  VCC,  VCC,  VCC);

-- Node name is 'DOOR5' = ':29' 
-- Equation name is 'DOOR5', type is output 
 DOOR5   = DFFE( FB1 $  GND, GLOBAL( clk),  VCC,  VCC,  VCC);

-- Node name is 'FI1' = ':48' 
-- Equation name is 'FI1', type is output 
 FI1     = DFFE( CALL3 $  GND, GLOBAL( clk),  VCC,  VCC,  VCC);

-- Node name is 'FI2' = ':47' 
-- Equation name is 'FI2', type is output 
 FI2     = DFFE( CALL2 $  GND, GLOBAL( clk),  VCC,  VCC,  VCC);

-- Node name is 'FI3' = ':46' 
-- Equation name is 'FI3', type is output 
 FI3     = DFFE( CALL1 $  GND, GLOBAL( clk),  VCC,  VCC,  VCC);

-- Node name is 'FI4' = ':45' 
-- Equation name is 'FI4', type is output 
 FI4     = DFFE( FB3 $  GND, GLOBAL( clk),  VCC,  VCC,  VCC);

-- Node name is 'FI5' = ':44' 
-- Equation name is 'FI5', type is output 
 FI5     = DFFE( FB2 $  GND, GLOBAL( clk),  VCC,  VCC,  VCC);

-- Node name is 'FI6' = ':43' 
-- Equation name is 'FI6', type is output 
 FI6     = DFFE( FB1 $  GND, GLOBAL( clk),  VCC,  VCC,  VCC);

-- Node name is 'FI7' = ':42' 
-- Equation name is 'FI7', type is output 
 FI7     = DFFE( reset $  GND, GLOBAL( clk),  VCC,  VCC,  VCC);

-- Node name is 'UD' = ':50' 
-- Equation name is 'UD', type is output 
 UD      = DFFE( reset $  GND, GLOBAL( clk),  VCC,  VCC,  VCC);



--     Shareable expanders that are duplicated in multiple LABs:
--     (none)




Project Informationc:\documents and settings\seth urbach\my documents\cst232\cst231takehome\elevator.rpt

** COMPILATION SETTINGS & TIMES **

Processing Menu Commands
------------------------

Design Doctor                             = off

Logic Synthesis:

   Synthesis Type Used                    = Standard

   Default Synthesis Style                = NORMAL

      Logic option settings in 'NORMAL' style for 'MAX7000' family

      DECOMPOSE_GATES                     = on
      DUPLICATE_LOGIC_EXTRACTION          = on
      MINIMIZATION                        = full
      MULTI_LEVEL_FACTORING               = on
      NOT_GATE_PUSH_BACK                  = on
      PARALLEL_EXPANDERS                  = off
      REDUCE_LOGIC                        = on
      REFACTORIZATION                     = on
      REGISTER_OPTIMIZATION               = on
      RESYNTHESIZE_NETWORK                = on
      SLOW_SLEW_RATE                      = off
      SOFT_BUFFER_INSERTION               = on
      SUBFACTOR_EXTRACTION                = on
      TURBO_BIT                           = on
      XOR_SYNTHESIS                       = on
      IGNORE_SOFT_BUFFERS                 = off
      USE_LPM_FOR_AHDL_OPERATORS          = off

   Other logic synthesis settings:

      Automatic Global Clock              = on
      Automatic Global Clear              = on
      Automatic Global Preset             = on
      Automatic Global Output Enable      = on
      Automatic Fast I/O                  = off
      Automatic Register Packing          = off
      Automatic Open-Drain Pins           = on
      Automatic Implement in EAB          = off
      One-Hot State Machine Encoding      = off
      Optimize                            = 5

Default Timing Specifications: None

Cut All Bidir Feedback Timing Paths       = on
Cut All Clear & Preset Timing Paths       = on

Ignore Timing Assignments                 = off

Functional SNF Extractor                  = off

Linked SNF Extractor                      = off
Timing SNF Extractor                      = on
Optimize Timing SNF                       = off
Generate AHDL TDO File                    = off
Fitter Settings                           = NORMAL
Smart Recompile                           = off
Total Recompile                           = off

Interfaces Menu Commands
------------------------

EDIF Netlist Writer                       = off
Verilog Netlist Writer                    = off
VHDL Netlist Writer                       = off

Compilation Times
-----------------

   Compiler Netlist Extractor             00:00:00
   Database Builder                       00:00:00
   Logic Synthesizer                      00:00:00
   Partitioner                            00:00:01
   Fitter                                 00:00:00
   Timing SNF Extractor                   00:00:00
   Assembler                              00:00:00
   --------------------------             --------
   Total Time                             00:00:01


Memory Allocated
-----------------

Peak memory allocated during compilation  = 3,269K
